<?xml version="1.0" encoding="UTF-8"?>
<testsuite name="MovementTest" tests="7" skipped="0" failures="0" errors="0" timestamp="2023-03-20T10:12:01" hostname="FVFHC0WGQ05N" time="0.147">
  <properties/>
  <testcase name="should_give_error_when_command_isNull()" classname="MovementTest" time="0.03"/>
  <testcase name="should_give_error_when_command_is_not_allowed()" classname="MovementTest" time="0.001"/>
  <testcase name="should_give_direction_N_when_no_commands()" classname="MovementTest" time="0.003"/>
  <testcase name="[1] RL, N" classname="MovementTest" time="0.02"/>
  <testcase name="[2] RRRR, N" classname="MovementTest" time="0.002"/>
  <testcase name="[3] R, E" classname="MovementTest" time="0.001"/>
  <testcase name="[4] L, W" classname="MovementTest" time="0.0"/>
  <system-out><![CDATA[]]></system-out>
  <system-err><![CDATA[]]></system-err>
</testsuite>
