<?xml version="1.0" encoding="UTF-8"?>
<testsuite name="MovementTest" tests="8" skipped="0" failures="0" errors="0" timestamp="2023-03-20T09:57:37" hostname="FVFHC0WGQ05N" time="0.134">
  <properties/>
  <testcase name="should_give_direction_W_when_command_left()" classname="MovementTest" time="0.03"/>
  <testcase name="should_give_error_when_command_isNull()" classname="MovementTest" time="0.005"/>
  <testcase name="should_give_error_when_command_is_not_allowed()" classname="MovementTest" time="0.006"/>
  <testcase name="should_give_direction_E_when_command_right()" classname="MovementTest" time="0.001"/>
  <testcase name="should_give_direction_N_when_command_four_right()" classname="MovementTest" time="0.003"/>
  <testcase name="should_give_direction_N_when_no_commands()" classname="MovementTest" time="0.001"/>
  <testcase name="[1] RL" classname="MovementTest" time="0.024"/>
  <testcase name="should_give_direction_N_when_command_right_left()" classname="MovementTest" time="0.001"/>
  <system-out><![CDATA[]]></system-out>
  <system-err><![CDATA[]]></system-err>
</testsuite>
